2023-12-20 12:12:451 INFO  HomePage :59 - Sending text to : [[ChromeDriver: chrome on windows (de0ce8f7c76255f23e956fbd18c03e78)] -> id: keywords]
2023-12-20 12:12:744 INFO  HomePage :63 - Sending text to : [[ChromeDriver: chrome on windows (de0ce8f7c76255f23e956fbd18c03e78)] -> xpath: //input[@id='location']]
2023-12-20 12:12:869 INFO  HomePage :67 - Clicking on  : [[ChromeDriver: chrome on windows (de0ce8f7c76255f23e956fbd18c03e78)] -> id: distance]
2023-12-20 12:12:02 INFO  HomePage :71 - Clicking on  : [[ChromeDriver: chrome on windows (de0ce8f7c76255f23e956fbd18c03e78)] -> id: toggle-hp-search]
2023-12-20 12:12:170 INFO  HomePage :75 - Sending text to : [[ChromeDriver: chrome on windows (de0ce8f7c76255f23e956fbd18c03e78)] -> xpath: //input[@id='salarymin']]
2023-12-20 12:12:310 INFO  HomePage :79 - Sending text to : [[ChromeDriver: chrome on windows (de0ce8f7c76255f23e956fbd18c03e78)] -> xpath: //input[@id='salarymax']]
2023-12-20 12:12:384 INFO  HomePage :83 - Clicking on  : [[ChromeDriver: chrome on windows (de0ce8f7c76255f23e956fbd18c03e78)] -> xpath: //select[@id='salarytype']]
2023-12-20 12:12:469 INFO  HomePage :87 - Clicking on  : [[ChromeDriver: chrome on windows (de0ce8f7c76255f23e956fbd18c03e78)] -> id: tempperm]
2023-12-20 12:12:549 INFO  HomePage :91 - Clicking on  : [[ChromeDriver: chrome on windows (de0ce8f7c76255f23e956fbd18c03e78)] -> id: hp-search-btn]
2023-12-20 12:12:613 INFO  ResultPage :21 - Getting Text   : [[ChromeDriver: chrome on windows (de0ce8f7c76255f23e956fbd18c03e78)] -> xpath: //h1[@class='search-header__title']]
2023-12-20 12:12:156 INFO  HomePage :59 - Sending text to : [[ChromeDriver: chrome on windows (1739f59906ef5252664ef4806684001a)] -> id: keywords]
2023-12-20 12:12:405 INFO  HomePage :63 - Sending text to : [[ChromeDriver: chrome on windows (1739f59906ef5252664ef4806684001a)] -> xpath: //input[@id='location']]
2023-12-20 12:12:505 INFO  HomePage :67 - Clicking on  : [[ChromeDriver: chrome on windows (1739f59906ef5252664ef4806684001a)] -> id: distance]
2023-12-20 12:12:654 INFO  HomePage :71 - Clicking on  : [[ChromeDriver: chrome on windows (1739f59906ef5252664ef4806684001a)] -> id: toggle-hp-search]
2023-12-20 12:12:990 INFO  HomePage :75 - Sending text to : [[ChromeDriver: chrome on windows (1739f59906ef5252664ef4806684001a)] -> xpath: //input[@id='salarymin']]
2023-12-20 12:12:153 INFO  HomePage :79 - Sending text to : [[ChromeDriver: chrome on windows (1739f59906ef5252664ef4806684001a)] -> xpath: //input[@id='salarymax']]
2023-12-20 12:12:240 INFO  HomePage :83 - Clicking on  : [[ChromeDriver: chrome on windows (1739f59906ef5252664ef4806684001a)] -> xpath: //select[@id='salarytype']]
2023-12-20 12:12:323 INFO  HomePage :87 - Clicking on  : [[ChromeDriver: chrome on windows (1739f59906ef5252664ef4806684001a)] -> id: tempperm]
2023-12-20 12:12:410 INFO  HomePage :91 - Clicking on  : [[ChromeDriver: chrome on windows (1739f59906ef5252664ef4806684001a)] -> id: hp-search-btn]
2023-12-20 12:12:490 INFO  ResultPage :21 - Getting Text   : [[ChromeDriver: chrome on windows (1739f59906ef5252664ef4806684001a)] -> xpath: //h1[@class='search-header__title']]
2023-12-20 12:12:923 INFO  HomePage :59 - Sending text to : [[ChromeDriver: chrome on windows (595dc9920a47126577f78c2a34ab3e8d)] -> id: keywords]
2023-12-20 12:12:529 INFO  HomePage :63 - Sending text to : [[ChromeDriver: chrome on windows (595dc9920a47126577f78c2a34ab3e8d)] -> xpath: //input[@id='location']]
2023-12-20 12:12:635 INFO  HomePage :67 - Clicking on  : [[ChromeDriver: chrome on windows (595dc9920a47126577f78c2a34ab3e8d)] -> id: distance]
2023-12-20 12:12:830 INFO  HomePage :71 - Clicking on  : [[ChromeDriver: chrome on windows (595dc9920a47126577f78c2a34ab3e8d)] -> id: toggle-hp-search]
2023-12-20 12:12:81 INFO  HomePage :75 - Sending text to : [[ChromeDriver: chrome on windows (595dc9920a47126577f78c2a34ab3e8d)] -> xpath: //input[@id='salarymin']]
2023-12-20 12:12:203 INFO  HomePage :79 - Sending text to : [[ChromeDriver: chrome on windows (595dc9920a47126577f78c2a34ab3e8d)] -> xpath: //input[@id='salarymax']]
2023-12-20 12:12:287 INFO  HomePage :83 - Clicking on  : [[ChromeDriver: chrome on windows (595dc9920a47126577f78c2a34ab3e8d)] -> xpath: //select[@id='salarytype']]
2023-12-20 12:12:381 INFO  HomePage :87 - Clicking on  : [[ChromeDriver: chrome on windows (595dc9920a47126577f78c2a34ab3e8d)] -> id: tempperm]
2023-12-20 12:12:464 INFO  HomePage :91 - Clicking on  : [[ChromeDriver: chrome on windows (595dc9920a47126577f78c2a34ab3e8d)] -> id: hp-search-btn]
2023-12-20 12:12:544 INFO  ResultPage :21 - Getting Text   : [[ChromeDriver: chrome on windows (595dc9920a47126577f78c2a34ab3e8d)] -> xpath: //h1[@class='search-header__title']]
2023-12-20 12:12:785 INFO  HomePage :59 - Sending text to : [[ChromeDriver: chrome on windows (5f7b7f31cacd15e0a64a40d7f23e8e07)] -> id: keywords]
2023-12-20 12:12:875 INFO  HomePage :63 - Sending text to : [[ChromeDriver: chrome on windows (5f7b7f31cacd15e0a64a40d7f23e8e07)] -> xpath: //input[@id='location']]
2023-12-20 12:12:529 INFO  HomePage :67 - Clicking on  : [[ChromeDriver: chrome on windows (5f7b7f31cacd15e0a64a40d7f23e8e07)] -> id: distance]
2023-12-20 12:12:805 INFO  HomePage :71 - Clicking on  : [[ChromeDriver: chrome on windows (5f7b7f31cacd15e0a64a40d7f23e8e07)] -> id: toggle-hp-search]
2023-12-20 12:12:41 INFO  HomePage :75 - Sending text to : [[ChromeDriver: chrome on windows (5f7b7f31cacd15e0a64a40d7f23e8e07)] -> xpath: //input[@id='salarymin']]
2023-12-20 12:12:241 INFO  HomePage :79 - Sending text to : [[ChromeDriver: chrome on windows (5f7b7f31cacd15e0a64a40d7f23e8e07)] -> xpath: //input[@id='salarymax']]
2023-12-20 12:12:334 INFO  HomePage :83 - Clicking on  : [[ChromeDriver: chrome on windows (5f7b7f31cacd15e0a64a40d7f23e8e07)] -> xpath: //select[@id='salarytype']]
2023-12-20 12:12:457 INFO  HomePage :87 - Clicking on  : [[ChromeDriver: chrome on windows (5f7b7f31cacd15e0a64a40d7f23e8e07)] -> id: tempperm]
2023-12-20 12:12:560 INFO  HomePage :91 - Clicking on  : [[ChromeDriver: chrome on windows (5f7b7f31cacd15e0a64a40d7f23e8e07)] -> id: hp-search-btn]
2023-12-20 12:12:868 INFO  ResultPage :21 - Getting Text   : [[ChromeDriver: chrome on windows (5f7b7f31cacd15e0a64a40d7f23e8e07)] -> xpath: //h1[@class='search-header__title']]
2023-12-20 12:12:600 INFO  HomePage :59 - Sending text to : [[ChromeDriver: chrome on windows (fd56ca4b96fa91dba5ce009df4397126)] -> id: keywords]
2023-12-20 12:12:721 INFO  HomePage :63 - Sending text to : [[ChromeDriver: chrome on windows (fd56ca4b96fa91dba5ce009df4397126)] -> xpath: //input[@id='location']]
2023-12-20 12:12:793 INFO  HomePage :67 - Clicking on  : [[ChromeDriver: chrome on windows (fd56ca4b96fa91dba5ce009df4397126)] -> id: distance]
2023-12-20 12:12:175 INFO  HomePage :71 - Clicking on  : [[ChromeDriver: chrome on windows (fd56ca4b96fa91dba5ce009df4397126)] -> id: toggle-hp-search]
2023-12-20 12:12:513 INFO  HomePage :75 - Sending text to : [[ChromeDriver: chrome on windows (fd56ca4b96fa91dba5ce009df4397126)] -> xpath: //input[@id='salarymin']]
2023-12-20 12:12:610 INFO  HomePage :79 - Sending text to : [[ChromeDriver: chrome on windows (fd56ca4b96fa91dba5ce009df4397126)] -> xpath: //input[@id='salarymax']]
2023-12-20 12:12:684 INFO  HomePage :83 - Clicking on  : [[ChromeDriver: chrome on windows (fd56ca4b96fa91dba5ce009df4397126)] -> xpath: //select[@id='salarytype']]
2023-12-20 12:12:768 INFO  HomePage :87 - Clicking on  : [[ChromeDriver: chrome on windows (fd56ca4b96fa91dba5ce009df4397126)] -> id: tempperm]
2023-12-20 12:12:850 INFO  HomePage :91 - Clicking on  : [[ChromeDriver: chrome on windows (fd56ca4b96fa91dba5ce009df4397126)] -> id: hp-search-btn]
2023-12-20 12:12:727 INFO  ResultPage :21 - Getting Text   : [[ChromeDriver: chrome on windows (fd56ca4b96fa91dba5ce009df4397126)] -> xpath: //h1[@class='search-header__title']]
2023-12-20 12:12:895 INFO  HomePage :59 - Sending text to : [[ChromeDriver: chrome on windows (788e293cffd16863c39cc821a36d7989)] -> id: keywords]
2023-12-20 12:12:986 INFO  HomePage :63 - Sending text to : [[ChromeDriver: chrome on windows (788e293cffd16863c39cc821a36d7989)] -> xpath: //input[@id='location']]
2023-12-20 12:12:257 INFO  HomePage :67 - Clicking on  : [[ChromeDriver: chrome on windows (788e293cffd16863c39cc821a36d7989)] -> id: distance]
2023-12-20 12:12:753 INFO  HomePage :71 - Clicking on  : [[ChromeDriver: chrome on windows (788e293cffd16863c39cc821a36d7989)] -> id: toggle-hp-search]
2023-12-20 12:12:07 INFO  HomePage :75 - Sending text to : [[ChromeDriver: chrome on windows (788e293cffd16863c39cc821a36d7989)] -> xpath: //input[@id='salarymin']]
2023-12-20 12:12:122 INFO  HomePage :79 - Sending text to : [[ChromeDriver: chrome on windows (788e293cffd16863c39cc821a36d7989)] -> xpath: //input[@id='salarymax']]
2023-12-20 12:12:196 INFO  HomePage :83 - Clicking on  : [[ChromeDriver: chrome on windows (788e293cffd16863c39cc821a36d7989)] -> xpath: //select[@id='salarytype']]
2023-12-20 12:12:298 INFO  HomePage :87 - Clicking on  : [[ChromeDriver: chrome on windows (788e293cffd16863c39cc821a36d7989)] -> id: tempperm]
2023-12-20 12:12:397 INFO  HomePage :91 - Clicking on  : [[ChromeDriver: chrome on windows (788e293cffd16863c39cc821a36d7989)] -> id: hp-search-btn]
2023-12-20 12:12:314 INFO  ResultPage :21 - Getting Text   : [[ChromeDriver: chrome on windows (788e293cffd16863c39cc821a36d7989)] -> xpath: //h1[@class='search-header__title']]
